<?xml version="1.0" encoding="UTF-8"?>
<testsuite xmlns:xsi="http://www.w3.org/2001/XMLSchema-instance" xsi:noNamespaceSchemaLocation="https://maven.apache.org/surefire/maven-surefire-plugin/xsd/surefire-test-report-3.0.xsd" version="3.0" name="org.example.testRunner.runners" time="224.013" tests="17" errors="0" skipped="0" failures="3">
  <properties>
    <property name="sun.desktop" value="windows"/>
    <property name="awt.toolkit" value="sun.awt.windows.WToolkit"/>
    <property name="file.encoding.pkg" value="sun.io"/>
    <property name="java.specification.version" value="1.8"/>
    <property name="webdriver.chrome.driver" value="C:\Program Files\chromedriver.exe"/>
    <property name="sun.cpu.isalist" value="amd64"/>
    <property name="sun.jnu.encoding" value="Cp1252"/>
    <property name="java.class.path" value="C:\Users\Al-Hussein\Desktop\Project two\MyFirstTestAutomationProject\target\test-classes;C:\Users\Al-Hussein\Desktop\Project two\MyFirstTestAutomationProject\target\classes;C:\Users\Al-Hussein\.m2\repository\org\seleniumhq\selenium\selenium-java\3.8.0\selenium-java-3.8.0.jar;C:\Users\Al-Hussein\.m2\repository\org\seleniumhq\selenium\selenium-api\3.8.0\selenium-api-3.8.0.jar;C:\Users\Al-Hussein\.m2\repository\org\seleniumhq\selenium\selenium-chrome-driver\3.8.0\selenium-chrome-driver-3.8.0.jar;C:\Users\Al-Hussein\.m2\repository\org\seleniumhq\selenium\selenium-edge-driver\3.8.0\selenium-edge-driver-3.8.0.jar;C:\Users\Al-Hussein\.m2\repository\org\seleniumhq\selenium\selenium-firefox-driver\3.8.0\selenium-firefox-driver-3.8.0.jar;C:\Users\Al-Hussein\.m2\repository\org\seleniumhq\selenium\selenium-ie-driver\3.8.0\selenium-ie-driver-3.8.0.jar;C:\Users\Al-Hussein\.m2\repository\org\seleniumhq\selenium\selenium-opera-driver\3.8.0\selenium-opera-driver-3.8.0.jar;C:\Users\Al-Hussein\.m2\repository\org\seleniumhq\selenium\selenium-remote-driver\3.8.0\selenium-remote-driver-3.8.0.jar;C:\Users\Al-Hussein\.m2\repository\org\seleniumhq\selenium\selenium-safari-driver\3.8.0\selenium-safari-driver-3.8.0.jar;C:\Users\Al-Hussein\.m2\repository\org\seleniumhq\selenium\selenium-support\3.8.0\selenium-support-3.8.0.jar;C:\Users\Al-Hussein\.m2\repository\net\bytebuddy\byte-buddy\1.7.5\byte-buddy-1.7.5.jar;C:\Users\Al-Hussein\.m2\repository\org\apache\commons\commons-exec\1.3\commons-exec-1.3.jar;C:\Users\Al-Hussein\.m2\repository\commons-codec\commons-codec\1.10\commons-codec-1.10.jar;C:\Users\Al-Hussein\.m2\repository\commons-logging\commons-logging\1.2\commons-logging-1.2.jar;C:\Users\Al-Hussein\.m2\repository\com\google\code\gson\gson\2.8.2\gson-2.8.2.jar;C:\Users\Al-Hussein\.m2\repository\com\google\guava\guava\23.0\guava-23.0.jar;C:\Users\Al-Hussein\.m2\repository\com\google\code\findbugs\jsr305\1.3.9\jsr305-1.3.9.jar;C:\Users\Al-Hussein\.m2\repository\com\google\errorprone\error_prone_annotations\2.0.18\error_prone_annotations-2.0.18.jar;C:\Users\Al-Hussein\.m2\repository\com\google\j2objc\j2objc-annotations\1.1\j2objc-annotations-1.1.jar;C:\Users\Al-Hussein\.m2\repository\org\codehaus\mojo\animal-sniffer-annotations\1.14\animal-sniffer-annotations-1.14.jar;C:\Users\Al-Hussein\.m2\repository\org\apache\httpcomponents\httpclient\4.5.3\httpclient-4.5.3.jar;C:\Users\Al-Hussein\.m2\repository\org\apache\httpcomponents\httpcore\4.4.6\httpcore-4.4.6.jar;C:\Users\Al-Hussein\.m2\repository\io\cucumber\cucumber-testng\7.3.4\cucumber-testng-7.3.4.jar;C:\Users\Al-Hussein\.m2\repository\org\apiguardian\apiguardian-api\1.1.2\apiguardian-api-1.1.2.jar;C:\Users\Al-Hussein\.m2\repository\io\cucumber\cucumber-core\7.3.4\cucumber-core-7.3.4.jar;C:\Users\Al-Hussein\.m2\repository\io\cucumber\cucumber-gherkin\7.3.4\cucumber-gherkin-7.3.4.jar;C:\Users\Al-Hussein\.m2\repository\io\cucumber\cucumber-gherkin-messages\7.3.4\cucumber-gherkin-messages-7.3.4.jar;C:\Users\Al-Hussein\.m2\repository\io\cucumber\gherkin\23.0.1\gherkin-23.0.1.jar;C:\Users\Al-Hussein\.m2\repository\io\cucumber\messages\18.0.0\messages-18.0.0.jar;C:\Users\Al-Hussein\.m2\repository\io\cucumber\tag-expressions\4.1.0\tag-expressions-4.1.0.jar;C:\Users\Al-Hussein\.m2\repository\io\cucumber\cucumber-expressions\15.1.1\cucumber-expressions-15.1.1.jar;C:\Users\Al-Hussein\.m2\repository\io\cucumber\datatable\7.3.4\datatable-7.3.4.jar;C:\Users\Al-Hussein\.m2\repository\io\cucumber\cucumber-plugin\7.3.4\cucumber-plugin-7.3.4.jar;C:\Users\Al-Hussein\.m2\repository\io\cucumber\docstring\7.3.4\docstring-7.3.4.jar;C:\Users\Al-Hussein\.m2\repository\io\cucumber\html-formatter\19.1.0\html-formatter-19.1.0.jar;C:\Users\Al-Hussein\.m2\repository\io\cucumber\ci-environment\9.0.4\ci-environment-9.0.4.jar;C:\Users\Al-Hussein\.m2\repository\org\testng\testng\7.5\testng-7.5.jar;C:\Users\Al-Hussein\.m2\repository\org\slf4j\slf4j-api\1.7.32\slf4j-api-1.7.32.jar;C:\Users\Al-Hussein\.m2\repository\com\beust\jcommander\1.78\jcommander-1.78.jar;C:\Users\Al-Hussein\.m2\repository\org\webjars\jquery\3.5.1\jquery-3.5.1.jar;C:\Users\Al-Hussein\.m2\repository\io\cucumber\cucumber-java\7.3.4\cucumber-java-7.3.4.jar;C:\Users\Al-Hussein\.m2\repository\org\apache\poi\poi-ooxml\3.17\poi-ooxml-3.17.jar;C:\Users\Al-Hussein\.m2\repository\org\apache\poi\poi\3.17\poi-3.17.jar;C:\Users\Al-Hussein\.m2\repository\org\apache\commons\commons-collections4\4.1\commons-collections4-4.1.jar;C:\Users\Al-Hussein\.m2\repository\org\apache\poi\poi-ooxml-schemas\3.17\poi-ooxml-schemas-3.17.jar;C:\Users\Al-Hussein\.m2\repository\org\apache\xmlbeans\xmlbeans\2.6.0\xmlbeans-2.6.0.jar;C:\Users\Al-Hussein\.m2\repository\stax\stax-api\1.0.1\stax-api-1.0.1.jar;C:\Users\Al-Hussein\.m2\repository\com\github\virtuald\curvesapi\1.04\curvesapi-1.04.jar;"/>
    <property name="java.vm.vendor" value="Oracle Corporation"/>
    <property name="sun.arch.data.model" value="64"/>
    <property name="user.variant" value=""/>
    <property name="java.vendor.url" value="http://java.oracle.com/"/>
    <property name="user.timezone" value="Africa/Cairo"/>
    <property name="java.vm.specification.version" value="1.8"/>
    <property name="os.name" value="Windows 10"/>
    <property name="user.country" value="US"/>
    <property name="sun.java.launcher" value="SUN_STANDARD"/>
    <property name="sun.boot.library.path" value="C:\Program Files\Java\jdk1.8.0_351\jre\bin"/>
    <property name="sun.java.command" value="C:\Users\Al-Hussein\AppData\Local\Temp\surefire4098535756572424212\surefirebooter5779079668651799310.jar C:\Users\Al-Hussein\AppData\Local\Temp\surefire4098535756572424212 2022-12-13T23-14-24_136-jvmRun1 surefire3142219951610504199tmp surefire_08437350080740326929tmp"/>
    <property name="surefire.test.class.path" value="C:\Users\Al-Hussein\Desktop\Project two\MyFirstTestAutomationProject\target\test-classes;C:\Users\Al-Hussein\Desktop\Project two\MyFirstTestAutomationProject\target\classes;C:\Users\Al-Hussein\.m2\repository\org\seleniumhq\selenium\selenium-java\3.8.0\selenium-java-3.8.0.jar;C:\Users\Al-Hussein\.m2\repository\org\seleniumhq\selenium\selenium-api\3.8.0\selenium-api-3.8.0.jar;C:\Users\Al-Hussein\.m2\repository\org\seleniumhq\selenium\selenium-chrome-driver\3.8.0\selenium-chrome-driver-3.8.0.jar;C:\Users\Al-Hussein\.m2\repository\org\seleniumhq\selenium\selenium-edge-driver\3.8.0\selenium-edge-driver-3.8.0.jar;C:\Users\Al-Hussein\.m2\repository\org\seleniumhq\selenium\selenium-firefox-driver\3.8.0\selenium-firefox-driver-3.8.0.jar;C:\Users\Al-Hussein\.m2\repository\org\seleniumhq\selenium\selenium-ie-driver\3.8.0\selenium-ie-driver-3.8.0.jar;C:\Users\Al-Hussein\.m2\repository\org\seleniumhq\selenium\selenium-opera-driver\3.8.0\selenium-opera-driver-3.8.0.jar;C:\Users\Al-Hussein\.m2\repository\org\seleniumhq\selenium\selenium-remote-driver\3.8.0\selenium-remote-driver-3.8.0.jar;C:\Users\Al-Hussein\.m2\repository\org\seleniumhq\selenium\selenium-safari-driver\3.8.0\selenium-safari-driver-3.8.0.jar;C:\Users\Al-Hussein\.m2\repository\org\seleniumhq\selenium\selenium-support\3.8.0\selenium-support-3.8.0.jar;C:\Users\Al-Hussein\.m2\repository\net\bytebuddy\byte-buddy\1.7.5\byte-buddy-1.7.5.jar;C:\Users\Al-Hussein\.m2\repository\org\apache\commons\commons-exec\1.3\commons-exec-1.3.jar;C:\Users\Al-Hussein\.m2\repository\commons-codec\commons-codec\1.10\commons-codec-1.10.jar;C:\Users\Al-Hussein\.m2\repository\commons-logging\commons-logging\1.2\commons-logging-1.2.jar;C:\Users\Al-Hussein\.m2\repository\com\google\code\gson\gson\2.8.2\gson-2.8.2.jar;C:\Users\Al-Hussein\.m2\repository\com\google\guava\guava\23.0\guava-23.0.jar;C:\Users\Al-Hussein\.m2\repository\com\google\code\findbugs\jsr305\1.3.9\jsr305-1.3.9.jar;C:\Users\Al-Hussein\.m2\repository\com\google\errorprone\error_prone_annotations\2.0.18\error_prone_annotations-2.0.18.jar;C:\Users\Al-Hussein\.m2\repository\com\google\j2objc\j2objc-annotations\1.1\j2objc-annotations-1.1.jar;C:\Users\Al-Hussein\.m2\repository\org\codehaus\mojo\animal-sniffer-annotations\1.14\animal-sniffer-annotations-1.14.jar;C:\Users\Al-Hussein\.m2\repository\org\apache\httpcomponents\httpclient\4.5.3\httpclient-4.5.3.jar;C:\Users\Al-Hussein\.m2\repository\org\apache\httpcomponents\httpcore\4.4.6\httpcore-4.4.6.jar;C:\Users\Al-Hussein\.m2\repository\io\cucumber\cucumber-testng\7.3.4\cucumber-testng-7.3.4.jar;C:\Users\Al-Hussein\.m2\repository\org\apiguardian\apiguardian-api\1.1.2\apiguardian-api-1.1.2.jar;C:\Users\Al-Hussein\.m2\repository\io\cucumber\cucumber-core\7.3.4\cucumber-core-7.3.4.jar;C:\Users\Al-Hussein\.m2\repository\io\cucumber\cucumber-gherkin\7.3.4\cucumber-gherkin-7.3.4.jar;C:\Users\Al-Hussein\.m2\repository\io\cucumber\cucumber-gherkin-messages\7.3.4\cucumber-gherkin-messages-7.3.4.jar;C:\Users\Al-Hussein\.m2\repository\io\cucumber\gherkin\23.0.1\gherkin-23.0.1.jar;C:\Users\Al-Hussein\.m2\repository\io\cucumber\messages\18.0.0\messages-18.0.0.jar;C:\Users\Al-Hussein\.m2\repository\io\cucumber\tag-expressions\4.1.0\tag-expressions-4.1.0.jar;C:\Users\Al-Hussein\.m2\repository\io\cucumber\cucumber-expressions\15.1.1\cucumber-expressions-15.1.1.jar;C:\Users\Al-Hussein\.m2\repository\io\cucumber\datatable\7.3.4\datatable-7.3.4.jar;C:\Users\Al-Hussein\.m2\repository\io\cucumber\cucumber-plugin\7.3.4\cucumber-plugin-7.3.4.jar;C:\Users\Al-Hussein\.m2\repository\io\cucumber\docstring\7.3.4\docstring-7.3.4.jar;C:\Users\Al-Hussein\.m2\repository\io\cucumber\html-formatter\19.1.0\html-formatter-19.1.0.jar;C:\Users\Al-Hussein\.m2\repository\io\cucumber\ci-environment\9.0.4\ci-environment-9.0.4.jar;C:\Users\Al-Hussein\.m2\repository\org\testng\testng\7.5\testng-7.5.jar;C:\Users\Al-Hussein\.m2\repository\org\slf4j\slf4j-api\1.7.32\slf4j-api-1.7.32.jar;C:\Users\Al-Hussein\.m2\repository\com\beust\jcommander\1.78\jcommander-1.78.jar;C:\Users\Al-Hussein\.m2\repository\org\webjars\jquery\3.5.1\jquery-3.5.1.jar;C:\Users\Al-Hussein\.m2\repository\io\cucumber\cucumber-java\7.3.4\cucumber-java-7.3.4.jar;C:\Users\Al-Hussein\.m2\repository\org\apache\poi\poi-ooxml\3.17\poi-ooxml-3.17.jar;C:\Users\Al-Hussein\.m2\repository\org\apache\poi\poi\3.17\poi-3.17.jar;C:\Users\Al-Hussein\.m2\repository\org\apache\commons\commons-collections4\4.1\commons-collections4-4.1.jar;C:\Users\Al-Hussein\.m2\repository\org\apache\poi\poi-ooxml-schemas\3.17\poi-ooxml-schemas-3.17.jar;C:\Users\Al-Hussein\.m2\repository\org\apache\xmlbeans\xmlbeans\2.6.0\xmlbeans-2.6.0.jar;C:\Users\Al-Hussein\.m2\repository\stax\stax-api\1.0.1\stax-api-1.0.1.jar;C:\Users\Al-Hussein\.m2\repository\com\github\virtuald\curvesapi\1.04\curvesapi-1.04.jar;"/>
    <property name="sun.cpu.endian" value="little"/>
    <property name="user.home" value="C:\Users\Al-Hussein"/>
    <property name="user.language" value="en"/>
    <property name="java.specification.vendor" value="Oracle Corporation"/>
    <property name="java.home" value="C:\Program Files\Java\jdk1.8.0_351\jre"/>
    <property name="basedir" value="C:\Users\Al-Hussein\Desktop\Project two\MyFirstTestAutomationProject"/>
    <property name="file.separator" value="\"/>
    <property name="line.separator" value="&#10;"/>
    <property name="java.vm.specification.vendor" value="Oracle Corporation"/>
    <property name="java.specification.name" value="Java Platform API Specification"/>
    <property name="java.awt.graphicsenv" value="sun.awt.Win32GraphicsEnvironment"/>
    <property name="surefire.real.class.path" value="C:\Users\Al-Hussein\AppData\Local\Temp\surefire4098535756572424212\surefirebooter5779079668651799310.jar"/>
    <property name="sun.boot.class.path" value="C:\Program Files\Java\jdk1.8.0_351\jre\lib\resources.jar;C:\Program Files\Java\jdk1.8.0_351\jre\lib\rt.jar;C:\Program Files\Java\jdk1.8.0_351\jre\lib\jsse.jar;C:\Program Files\Java\jdk1.8.0_351\jre\lib\jce.jar;C:\Program Files\Java\jdk1.8.0_351\jre\lib\charsets.jar;C:\Program Files\Java\jdk1.8.0_351\jre\lib\jfr.jar;C:\Program Files\Java\jdk1.8.0_351\jre\classes"/>
    <property name="user.script" value=""/>
    <property name="sun.management.compiler" value="HotSpot 64-Bit Tiered Compilers"/>
    <property name="java.runtime.version" value="1.8.0_351-b10"/>
    <property name="user.name" value="Al-Hussein"/>
    <property name="path.separator" value=";"/>
    <property name="os.version" value="10.0"/>
    <property name="java.endorsed.dirs" value="C:\Program Files\Java\jdk1.8.0_351\jre\lib\endorsed"/>
    <property name="java.runtime.name" value="Java(TM) SE Runtime Environment"/>
    <property name="file.encoding" value="Cp1252"/>
    <property name="java.vm.name" value="Java HotSpot(TM) 64-Bit Server VM"/>
    <property name="localRepository" value="C:\Users\Al-Hussein\.m2\repository"/>
    <property name="java.vendor.url.bug" value="http://bugreport.sun.com/bugreport/"/>
    <property name="java.io.tmpdir" value="C:\Users\AL-HUS~1\AppData\Local\Temp\"/>
    <property name="idea.version" value="2022.3"/>
    <property name="java.version" value="1.8.0_351"/>
    <property name="user.dir" value="C:\Users\Al-Hussein\Desktop\Project two\MyFirstTestAutomationProject"/>
    <property name="os.arch" value="amd64"/>
    <property name="java.vm.specification.name" value="Java Virtual Machine Specification"/>
    <property name="java.awt.printerjob" value="sun.awt.windows.WPrinterJob"/>
    <property name="sun.os.patch.level" value=""/>
    <property name="java.library.path" value="C:\Program Files\Java\jdk1.8.0_351\jre\bin;C:\WINDOWS\Sun\Java\bin;C:\WINDOWS\system32;C:\WINDOWS;C:\Program Files (x86)\Common Files\Oracle\Java\javapath;C:\Program Files\Microsoft\jdk-11.0.12.7-hotspot\bin;C:\WINDOWS\system32;C:\WINDOWS;C:\WINDOWS\System32\Wbem;C:\WINDOWS\System32\WindowsPowerShell\v1.0\;C:\Program Files\Intel\WiFi\bin\;C:\Program Files\Common Files\Intel\WirelessCommon\;C:\WINDOWS\System32\OpenSSH\;C:\Program Files (x86)\Intel\Intel(R) Management Engine Components\DAL;C:\Program Files\Intel\Intel(R) Management Engine Components\DAL;C:\Program Files\dotnet\;C:\Program Files\Git\cmd;C:\Program Files\Java\jdk1.8.0_351\bin;C:\Program Files\JetBrains\IntelliJ IDEA Community Edition 2022.3\plugins\maven\lib\apache-maven-3.8.6\bin;C:\Users\Al-Hussein\AppData\Local\Microsoft\WindowsApps;C:\Program Files\Intel\WiFi\bin\;C:\Program Files\Common Files\Intel\WirelessCommon\;C:\Users\Al-Hussein\.dotnet\tools;C:\Users\Al-Hussein\AppData\Local\GitHubDesktop\bin;."/>
    <property name="java.vm.info" value="mixed mode"/>
    <property name="java.vendor" value="Oracle Corporation"/>
    <property name="java.vm.version" value="25.351-b10"/>
    <property name="java.specification.maintenance.version" value="4"/>
    <property name="java.ext.dirs" value="C:\Program Files\Java\jdk1.8.0_351\jre\lib\ext;C:\WINDOWS\Sun\Java\lib\ext"/>
    <property name="sun.io.unicode.encoding" value="UnicodeLittle"/>
    <property name="java.class.version" value="52.0"/>
  </properties>
  <testcase name="runScenario" classname="org.example.testRunner.runners" time="12.837"/>
  <testcase name="runScenario" classname="org.example.testRunner.runners" time="13.27"/>
  <testcase name="runScenario" classname="org.example.testRunner.runners" time="11.535"/>
  <testcase name="runScenario" classname="org.example.testRunner.runners" time="9.426"/>
  <testcase name="runScenario" classname="org.example.testRunner.runners" time="9.631"/>
  <testcase name="runScenario" classname="org.example.testRunner.runners" time="11.781"/>
  <testcase name="runScenario" classname="org.example.testRunner.runners" time="12.718"/>
  <testcase name="runScenario" classname="org.example.testRunner.runners" time="13.204"/>
  <testcase name="runScenario" classname="org.example.testRunner.runners" time="10.306"/>
  <testcase name="runScenario" classname="org.example.testRunner.runners" time="12.569">
    <failure message="Index: 1, Size: 1" type="java.lang.IndexOutOfBoundsException"><![CDATA[java.lang.IndexOutOfBoundsException: Index: 1, Size: 1
]]></failure>
    <system-err><![CDATA[Starting ChromeDriver 107.0.5304.62 (1eec40d3a5764881c92085aaee66d25075c159aa-refs/branch-heads/5304@{#942}) on port 12494
Only local connections are allowed.
Please see https://chromedriver.chromium.org/security-considerations for suggestions on keeping ChromeDriver safe.
ChromeDriver was started successfully.
[1670966171.873][WARNING]: This version of ChromeDriver has not been tested with Chrome version 108.
Dec 13, 2022 11:16:11 PM org.openqa.selenium.remote.ProtocolHandshake createSession
INFO: Detected dialect: W3C
]]></system-err>
  </testcase>
  <testcase name="runScenario" classname="org.example.testRunner.runners" time="11.057"/>
  <testcase name="runScenario" classname="org.example.testRunner.runners" time="11.397"/>
  <testcase name="runScenario" classname="org.example.testRunner.runners" time="11.382">
    <failure message="URL of First Slide expected [https://demo.nopcommerce.com/nokia-lumia-1020] but found [https://demo.nopcommerce.com/]" type="java.lang.AssertionError"><![CDATA[java.lang.AssertionError: URL of First Slide expected [https://demo.nopcommerce.com/nokia-lumia-1020] but found [https://demo.nopcommerce.com/]
]]></failure>
    <system-out><![CDATA[
@smoke
Scenario: user full the data to be able to register to the website &amp#27;[90m# src/main/resources/features/F01_Register.feature:6&amp#27;[0m
  &amp#27;[32mGiven &amp#27;[0m&amp#27;[32muser navigate to register page&amp#27;[0m                             &amp#27;[90m# org.example.stepDefs.D01_registerStepDef.register_page()&amp#27;[0m
  &amp#27;[32mAnd &amp#27;[0m&amp#27;[32muser select gender type&amp#27;[0m                                      &amp#27;[90m# org.example.stepDefs.D01_registerStepDef.Gender()&amp#27;[0m
  &amp#27;[32mWhen &amp#27;[0m&amp#27;[32muser enter valid data&amp#27;[0m                                       &amp#27;[90m# org.example.stepDefs.D01_registerStepDef.user_enter_first_name()&amp#27;[0m
  &amp#27;[32mAnd &amp#27;[0m&amp#27;[32muser click on register button&amp#27;[0m                                &amp#27;[90m# org.example.stepDefs.D01_registerStepDef.register_button()&amp#27;[0m
  &amp#27;[32mThen &amp#27;[0m&amp#27;[32msuccess message is displayed&amp#27;[0m                                &amp#27;[90m# org.example.stepDefs.D01_registerStepDef.register_successfully()&amp#27;[0m

@smoke
Scenario: user login with valid data                            &amp#27;[90m# src/main/resources/features/F02_Login.feature:6&amp#27;[0m
  &amp#27;[32mGiven &amp#27;[0m&amp#27;[32muser navigate to login page&amp#27;[0m                             &amp#27;[90m# org.example.stepDefs.D02_LoginStepDef.user_navigate_to_login_page()&amp#27;[0m
  &amp#27;[32mWhen &amp#27;[0m&amp#27;[32muser enter &amp#27;[0m&amp#27;[32m&amp#27;[1m"aalhussein.ibrahim@gmail.com"&amp#27;[0m&amp#27;[32m and &amp#27;[0m&amp#27;[32m&amp#27;[1m"kkll2022"&amp#27;[0m &amp#27;[90m# org.example.stepDefs.D02_LoginStepDef.userEnterAnd(java.lang.String,java.lang.String)&amp#27;[0m
  &amp#27;[32mAnd &amp#27;[0m&amp#27;[32muser click on login button&amp#27;[0m                                &amp#27;[90m# org.example.stepDefs.D02_LoginStepDef.click_button()&amp#27;[0m
  &amp#27;[32mThen &amp#27;[0m&amp#27;[32muser could login successfully and go to home page&amp#27;[0m        &amp#27;[90m# org.example.stepDefs.D02_LoginStepDef.login_successfully()&amp#27;[0m

@smoke
Scenario: user login with invalid data                       &amp#27;[90m# src/main/resources/features/F02_Login.feature:13&amp#27;[0m
  &amp#27;[32mGiven &amp#27;[0m&amp#27;[32muser navigate to login page&amp#27;[0m                          &amp#27;[90m# org.example.stepDefs.D02_LoginStepDef.user_navigate_to_login_page()&amp#27;[0m
  &amp#27;[32mWhen &amp#27;[0m&amp#27;[32muser enter &amp#27;[0m&amp#27;[32m&amp#27;[1m"aalhussein.ibra@gmail.com"&amp#27;[0m&amp#27;[32m and &amp#27;[0m&amp#27;[32m&amp#27;[1m"llkk2022"&amp#27;[0m &amp#27;[90m# org.example.stepDefs.D02_LoginStepDef.userEnterAnd(java.lang.String,java.lang.String)&amp#27;[0m
  &amp#27;[32mAnd &amp#27;[0m&amp#27;[32muser click on login button&amp#27;[0m                             &amp#27;[90m# org.example.stepDefs.D02_LoginStepDef.click_button()&amp#27;[0m
  &amp#27;[32mThen &amp#27;[0m&amp#27;[32muser could not login successfully&amp#27;[0m                     &amp#27;[90m# org.example.stepDefs.D02_LoginStepDef.unable_to_login()&amp#27;[0m

@smoke
Scenario: user can choose euro currency               &amp#27;[90m# src/main/resources/features/F03_Currency.feature:5&amp#27;[0m
  &amp#27;[32mWhen &amp#27;[0m&amp#27;[32muser select â€œeuroâ€� from currency dropdown list&amp#27;[0m &amp#27;[90m# org.example.stepDefs.D03_CurrencyStepDef.userSelectEuroFromCurrencyDropdownList()&amp#27;[0m
  &amp#27;[32mThen &amp#27;[0m&amp#27;[32mAll the products change to euro symbol&amp#27;[0m         &amp#27;[90m# org.example.stepDefs.D03_CurrencyStepDef.AllTheProductschangeToEuroSymbol()&amp#27;[0m

@smoke
Scenario: user could search for product name      &amp#27;[90m# src/main/resources/features/F04_Search.feature:6&amp#27;[0m
  &amp#27;[32mGiven &amp#27;[0m&amp#27;[32muser clicks on search field&amp#27;[0m               &amp#27;[90m# org.example.stepDefs.D04_SearchStepDef.search_field()&amp#27;[0m
  &amp#27;[32mWhen &amp#27;[0m&amp#27;[32muser search for product name like &amp#27;[0m&amp#27;[32m&amp#27;[1m"laptop"&amp#27;[0m &amp#27;[90m# org.example.stepDefs.D04_SearchStepDef.userSearchForProductNameLike(java.lang.String)&amp#27;[0m
  &amp#27;[32mAnd &amp#27;[0m&amp#27;[32muser click on search Button&amp#27;[0m                 &amp#27;[90m# org.example.stepDefs.D04_SearchStepDef.search_Button()&amp#27;[0m
  &amp#27;[32mThen &amp#27;[0m&amp#27;[32muser could search successfully&amp#27;[0m             &amp#27;[90m# org.example.stepDefs.D04_SearchStepDef.search_successfully()&amp#27;[0m

@smoke
Scenario: user search using SKU                      &amp#27;[90m# src/main/resources/features/F04_Search.feature:13&amp#27;[0m
  &amp#27;[32mGiven &amp#27;[0m&amp#27;[32muser clicks on search field&amp#27;[0m                  &amp#27;[90m# org.example.stepDefs.D04_SearchStepDef.search_field()&amp#27;[0m
  &amp#27;[32mWhen &amp#27;[0m&amp#27;[32muser search for product name like &amp#27;[0m&amp#27;[32m&amp#27;[1m"AP_MBP_13"&amp#27;[0m &amp#27;[90m# org.example.stepDefs.D04_SearchStepDef.userSearchForProductNameLike(java.lang.String)&amp#27;[0m
  &amp#27;[32mAnd &amp#27;[0m&amp#27;[32muser click on search Button&amp#27;[0m                    &amp#27;[90m# org.example.stepDefs.D04_SearchStepDef.search_Button()&amp#27;[0m
  &amp#27;[32mThen &amp#27;[0m&amp#27;[32muser could search successfully with SKU code&amp#27;[0m  &amp#27;[90m# org.example.stepDefs.D04_SearchStepDef.successfully_with_SKU_code()&amp#27;[0m

@smoke
Scenario: user search using invalid product name &amp#27;[90m# src/main/resources/features/F04_Search.feature:20&amp#27;[0m
  &amp#27;[32mGiven &amp#27;[0m&amp#27;[32muser clicks on search field&amp#27;[0m              &amp#27;[90m# org.example.stepDefs.D04_SearchStepDef.search_field()&amp#27;[0m
  &amp#27;[32mWhen &amp#27;[0m&amp#27;[32muser search for product name like &amp#27;[0m&amp#27;[32m&amp#27;[1m"kkyy"&amp#27;[0m  &amp#27;[90m# org.example.stepDefs.D04_SearchStepDef.userSearchForProductNameLike(java.lang.String)&amp#27;[0m
  &amp#27;[32mAnd &amp#27;[0m&amp#27;[32muser click on search Button&amp#27;[0m                &amp#27;[90m# org.example.stepDefs.D04_SearchStepDef.search_Button()&amp#27;[0m
  &amp#27;[32mThen &amp#27;[0m&amp#27;[32muser could not search for the product&amp#27;[0m     &amp#27;[90m# org.example.stepDefs.D04_SearchStepDef.unable_to_search()&amp#27;[0m

@smoke
Scenario: user could select different categories &amp#27;[90m# src/main/resources/features/F05_hoverCategories.feature:5&amp#27;[0m
  &amp#27;[32mWhen &amp#27;[0m&amp#27;[32muser select category and subcategory&amp#27;[0m      &amp#27;[90m# org.example.stepDefs.D05_hoverCategoriesStepDef.select_category()&amp#27;[0m
  &amp#27;[32mAnd &amp#27;[0m&amp#27;[32muser click on subcategory&amp#27;[0m                  &amp#27;[90m# org.example.stepDefs.D05_hoverCategoriesStepDef.user_clicks_subcategory()&amp#27;[0m
  &amp#27;[32mThen &amp#27;[0m&amp#27;[32muser find relative product page&amp#27;[0m           &amp#27;[90m# org.example.stepDefs.D05_hoverCategoriesStepDef.product_found()&amp#27;[0m

@smoke
Scenario: user opens facebook link                                 &amp#27;[90m# src/main/resources/features/F06_followUs.feature:6&amp#27;[0m
  &amp#27;[32mGiven &amp#27;[0m&amp#27;[32muser opens facebook Pop&amp#27;[0m                                    &amp#27;[90m# org.example.stepDefs.D06_followUsStepDef.user_opens_facebook()&amp#27;[0m
  &amp#27;[32mThen &amp#27;[0m&amp#27;[32m&amp#27;[0m&amp#27;[32m&amp#27;[1m"https://www.facebook.com/nopCommerce"&amp#27;[0m&amp#27;[32m is opened in new tab&amp#27;[0m &amp#27;[90m# org.example.stepDefs.D06_followUsStepDef.isOpenedInNewTab(java.lang.String)&amp#27;[0m

@smoke
Scenario: user opens rss link                                                       &amp#27;[90m# src/main/resources/features/F06_followUs.feature:12&amp#27;[0m
  &amp#27;[32mWhen &amp#27;[0m&amp#27;[32muser opens rss link&amp#27;[0m                                                          &amp#27;[90m# org.example.stepDefs.D06_followUsStepDef.user_opens_rss()&amp#27;[0m
  &amp#27;[31mThen &amp#27;[0m&amp#27;[31m&amp#27;[0m&amp#27;[31m&amp#27;[1m"https://demo.nopcommerce.com/new-online-store-is-open"&amp#27;[0m&amp#27;[31m is opened in new tab&amp#27;[0m &amp#27;[90m# org.example.stepDefs.D06_followUsStepDef.isOpenedInNewTab(java.lang.String)&amp#27;[0m
      &amp#27;[31mjava.lang.IndexOutOfBoundsException: Index: 1, Size: 1
	at java.util.ArrayList.rangeCheck(ArrayList.java:659)
	at java.util.ArrayList.get(ArrayList.java:435)
	at org.example.stepDefs.D06_followUsStepDef.isOpenedInNewTab(D06_followUsStepDef.java:43)
	at âœ½."https://demo.nopcommerce.com/new-online-store-is-open" is opened in new tab(file:///C:/Users/Al-Hussein/Desktop/Project%20two/MyFirstTestAutomationProject/src/main/resources/features/F06_followUs.feature:14)
&amp#27;[0m

@smoke
Scenario: user opens twitter link                             &amp#27;[90m# src/main/resources/features/F06_followUs.feature:17&amp#27;[0m
  &amp#27;[32mGiven &amp#27;[0m&amp#27;[32muser opens twitter link&amp#27;[0m                               &amp#27;[90m# org.example.stepDefs.D06_followUsStepDef.user_opens_twitter()&amp#27;[0m
  &amp#27;[32mThen &amp#27;[0m&amp#27;[32m&amp#27;[0m&amp#27;[32m&amp#27;[1m"https://twitter.com/nopCommerce"&amp#27;[0m&amp#27;[32m is opened in new tab&amp#27;[0m &amp#27;[90m# org.example.stepDefs.D06_followUsStepDef.isOpenedInNewTab(java.lang.String)&amp#27;[0m

@smoke
Scenario: user opens youtube link                                      &amp#27;[90m# src/main/resources/features/F06_followUs.feature:24&amp#27;[0m
  &amp#27;[32mGiven &amp#27;[0m&amp#27;[32muser opens youtube link&amp#27;[0m                                        &amp#27;[90m# org.example.stepDefs.D06_followUsStepDef.user_opens_youtube()&amp#27;[0m
  &amp#27;[32mThen &amp#27;[0m&amp#27;[32m&amp#27;[0m&amp#27;[32m&amp#27;[1m"https://www.youtube.com/user/nopCommerce"&amp#27;[0m&amp#27;[32m is opened in new tab&amp#27;[0m &amp#27;[90m# org.example.stepDefs.D06_followUsStepDef.isOpenedInNewTab(java.lang.String)&amp#27;[0m

@smoke
Scenario: First slider clickable on homepage    ]]></system-out>
    <system-err><![CDATA[Starting ChromeDriver 107.0.5304.62 (1eec40d3a5764881c92085aaee66d25075c159aa-refs/branch-heads/5304@{#942}) on port 27470
Only local connections are allowed.
Please see https://chromedriver.chromium.org/security-considerations for suggestions on keeping ChromeDriver safe.
ChromeDriver was started successfully.
[1670966206.389][WARNING]: This version of ChromeDriver has not been tested with Chrome version 108.
Dec 13, 2022 11:16:46 PM org.openqa.selenium.remote.ProtocolHandshake createSession
INFO: Detected dialect: W3C
]]></system-err>
  </testcase>
  <testcase name="runScenario" classname="org.example.testRunner.runners" time="11.718">
    <failure message="URL of Second Slide expected [https://demo.nopcommerce.com/iphone-6] but found [https://demo.nopcommerce.com/]" type="java.lang.AssertionError"><![CDATA[java.lang.AssertionError: URL of Second Slide expected [https://demo.nopcommerce.com/iphone-6] but found [https://demo.nopcommerce.com/]
]]></failure>
    <system-err><![CDATA[Starting ChromeDriver 107.0.5304.62 (1eec40d3a5764881c92085aaee66d25075c159aa-refs/branch-heads/5304@{#942}) on port 42741
Only local connections are allowed.
Please see https://chromedriver.chromium.org/security-considerations for suggestions on keeping ChromeDriver safe.
ChromeDriver was started successfully.
[1670966218.723][WARNING]: This version of ChromeDriver has not been tested with Chrome version 108.
Dec 13, 2022 11:16:58 PM org.openqa.selenium.remote.ProtocolHandshake createSession
INFO: Detected dialect: W3C
]]></system-err>
  </testcase>
  <testcase name="runScenario" classname="org.example.testRunner.runners" time="21.037"/>
  <testcase name="runScenario" classname="org.example.testRunner.runners" time="24.395"/>
  <testcase name="runScenario" classname="org.example.testRunner.runners" time="14.739"/>
</testsuite>