<?xml version="1.0" encoding="UTF-8"?>
<!-- Generated by org.testng.reporters.JUnitReportReporter -->
<testsuite skipped="0" hostname="DESKTOP-BTG7UVQ" name="org.example.testRunner.runners" tests="17" failures="2" timestamp="2022-12-13T23:18:08 EET" time="222.990" errors="1">
  <testcase name="runScenario" time="11.380" classname="org.example.testRunner.runners">
    <failure type="java.lang.AssertionError" message="URL of First Slide expected [https://demo.nopcommerce.com/nokia-lumia-1020] but found [https://demo.nopcommerce.com/]">
      <![CDATA[java.lang.AssertionError: URL of First Slide expected [https://demo.nopcommerce.com/nokia-lumia-1020] but found [https://demo.nopcommerce.com/]
at org.testng.Assert.fail(Assert.java:110)
at org.testng.Assert.failNotEquals(Assert.java:1413)
at org.testng.Assert.assertEqualsImpl(Assert.java:149)
at org.testng.Assert.assertEquals(Assert.java:131)
at org.testng.Assert.assertEquals(Assert.java:655)
at org.example.stepDefs.D07_homeSliderStepDef.first_slide_displayed(D07_homeSliderStepDef.java:22)
at ✽.relative product for first slider is displayed(file:///C:/Users/Al-Hussein/Desktop/Project%20two/MyFirstTestAutomationProject/src/main/resources/features/F07_homeSlider.feature:7)
]]>
    </failure>
  </testcase> <!-- runScenario -->
  <system-out/>
  <testcase name="runScenario" time="12.835" classname="org.example.testRunner.runners"/>
  <system-out/>
  <testcase name="runScenario" time="9.631" classname="org.example.testRunner.runners"/>
  <system-out/>
  <testcase name="runScenario" time="11.397" classname="org.example.testRunner.runners"/>
  <system-out/>
  <testcase name="runScenario" time="13.203" classname="org.example.testRunner.runners"/>
  <system-out/>
  <testcase name="runScenario" time="11.781" classname="org.example.testRunner.runners"/>
  <system-out/>
  <testcase name="runScenario" time="11.717" classname="org.example.testRunner.runners">
    <failure type="java.lang.AssertionError" message="URL of Second Slide expected [https://demo.nopcommerce.com/iphone-6] but found [https://demo.nopcommerce.com/]">
      <![CDATA[java.lang.AssertionError: URL of Second Slide expected [https://demo.nopcommerce.com/iphone-6] but found [https://demo.nopcommerce.com/]
at org.testng.Assert.fail(Assert.java:110)
at org.testng.Assert.failNotEquals(Assert.java:1413)
at org.testng.Assert.assertEqualsImpl(Assert.java:149)
at org.testng.Assert.assertEquals(Assert.java:131)
at org.testng.Assert.assertEquals(Assert.java:655)
at org.example.stepDefs.D07_homeSliderStepDef.second_slide_displayed(D07_homeSliderStepDef.java:36)
at ✽.relative product for second slider is displayed(file:///C:/Users/Al-Hussein/Desktop/Project%20two/MyFirstTestAutomationProject/src/main/resources/features/F07_homeSlider.feature:12)
]]>
    </failure>
  </testcase> <!-- runScenario -->
  <system-out/>
  <testcase name="runScenario" time="14.738" classname="org.example.testRunner.runners"/>
  <system-out/>
  <testcase name="runScenario" time="12.565" classname="org.example.testRunner.runners">
    <error type="java.lang.IndexOutOfBoundsException" message="Index: 1, Size: 1">
      <![CDATA[java.lang.IndexOutOfBoundsException: Index: 1, Size: 1
at java.util.ArrayList.rangeCheck(ArrayList.java:659)
at java.util.ArrayList.get(ArrayList.java:435)
at org.example.stepDefs.D06_followUsStepDef.isOpenedInNewTab(D06_followUsStepDef.java:43)
at ✽."https://demo.nopcommerce.com/new-online-store-is-open" is opened in new tab(file:///C:/Users/Al-Hussein/Desktop/Project%20two/MyFirstTestAutomationProject/src/main/resources/features/F06_followUs.feature:14)
]]>
    </error>
  </testcase> <!-- runScenario -->
  <system-out/>
  <testcase name="runScenario" time="10.305" classname="org.example.testRunner.runners"/>
  <system-out/>
  <testcase name="runScenario" time="24.394" classname="org.example.testRunner.runners"/>
  <system-out/>
  <testcase name="runScenario" time="13.270" classname="org.example.testRunner.runners"/>
  <system-out/>
  <testcase name="runScenario" time="11.535" classname="org.example.testRunner.runners"/>
  <system-out/>
  <testcase name="runScenario" time="9.426" classname="org.example.testRunner.runners"/>
  <system-out/>
  <testcase name="runScenario" time="21.037" classname="org.example.testRunner.runners"/>
  <system-out/>
  <testcase name="runScenario" time="11.057" classname="org.example.testRunner.runners"/>
  <system-out/>
  <testcase name="runScenario" time="12.719" classname="org.example.testRunner.runners"/>
  <system-out/>
</testsuite> <!-- org.example.testRunner.runners -->
